
> portal-trabajo-backend@1.0.0 dev
> nodemon app.js

[33m[nodemon] 3.1.14[39m
[33m[nodemon] to restart at any time, enter `rs`[39m
[33m[nodemon] watching path(s): *.*[39m
[33m[nodemon] watching extensions: js,mjs,cjs,json[39m
[32m[nodemon] starting `node app.js`[39m
[dotenv@17.3.1] injecting env (8) from ..\.env -- tip: 🤖 agentic secret storage: https://dotenvx.com/as2
[dotenv@17.3.1] injecting env (0) from .env -- tip: ⚙️  suppress all logs with { quiet: true }
Backend corriendo en http://localhost:3000
[32m[nodemon] clean exit - waiting for changes before restart[39m
[32m[nodemon] restarting due to changes...[39m
[32m[nodemon] starting `node app.js`[39m
[32m[nodemon] restarting due to changes...[39m
◇ injected env (8) from ..\.env // tip: ⌘ suppress logs { quiet: true }
◇ injected env (0) from .env // tip: ⌘ enable debugging { debug: true }
Backend corriendo en http://localhost:3000
[32m[nodemon] starting `node app.js`[39m
◇ injected env (8) from ..\.env // tip: ⌘ suppress logs { quiet: true }
◇ injected env (0) from .env // tip: ◈ encrypted .env [www.dotenvx.com]
Backend corriendo en http://localhost:3000
[32m[nodemon] clean exit - waiting for changes before restart[39m
